\BOOKMARK [1][-]{section.0.1}{\376\377\0001\000\040\145\160\213\272\173\200\116\313\116\016\145\160\166\204\217\333\122\066}{}% 1
\BOOKMARK [2][-]{subsection.0.1.1}{\376\377\0001\000.\0001\000\040\145\164\145\160}{section.0.1}% 2
\BOOKMARK [2][-]{subsection.0.1.2}{\376\377\0001\000.\0002\000\040\145\160\166\204\217\333\122\066}{section.0.1}% 3
\BOOKMARK [1][-]{section.0.2}{\376\377\0002\000\040\145\160\166\204\145\164\226\144\140\047}{}% 4
\BOOKMARK [2][-]{subsection.0.2.1}{\376\377\0002\000.\0001\000\040\145\160\166\204\145\164\226\144\140\047}{section.0.2}% 5
\BOOKMARK [2][-]{subsection.0.2.2}{\376\377\0002\000.\0002\000\040\145\164\145\160\166\204\131\107\120\166\140\047}{section.0.2}% 6
\BOOKMARK [1][-]{section.0.3}{\376\377\0003\000\040\136\046\117\131\145\160\226\144\154\325}{}% 7
\BOOKMARK [1][-]{section.0.4}{\376\377\0004\000\040\147\000\131\047\121\154\126\340\145\160}{}% 8
\BOOKMARK [2][-]{subsection.0.4.1}{\376\377\0004\000.\0001\000\040\147\000\131\047\121\154\126\340\145\160\166\204\151\202\137\365}{section.0.4}% 9
\BOOKMARK [2][-]{subsection.0.4.2}{\376\377\0004\000.\0002\000\040\147\000\131\047\121\154\126\340\145\160\166\204\140\047\215\050}{section.0.4}% 10
\BOOKMARK [2][-]{subsection.0.4.3}{\376\377\0004\000.\0003\000\040\147\000\131\047\121\154\126\340\145\160\166\204\154\102\154\325}{section.0.4}% 11
\BOOKMARK [1][-]{section.0.5}{\376\377\0005\000\040\147\000\134\017\121\154\120\015\145\160}{}% 12
\BOOKMARK [2][-]{subsection.0.5.1}{\376\377\0005\000.\0001\000\040\147\000\134\017\121\154\120\015\145\160\166\204\151\202\137\365}{section.0.5}% 13
\BOOKMARK [2][-]{subsection.0.5.2}{\376\377\0005\000.\0002\000\040\147\000\134\017\121\154\120\015\145\160\166\204\140\047\215\050}{section.0.5}% 14
\BOOKMARK [2][-]{subsection.0.5.3}{\376\377\0005\000.\0003\000\040\147\000\134\017\121\154\120\015\145\160\166\204\154\102\154\325}{section.0.5}% 15
\BOOKMARK [1][-]{section.0.6}{\376\377\0006\000\040\175\040\145\160\116\016\124\010\145\160}{}% 16
\BOOKMARK [2][-]{subsection.0.6.1}{\376\377\0006\000.\0001\000\040\175\040\145\160\116\016\124\010\145\160\166\204\151\202\137\365}{section.0.6}% 17
\BOOKMARK [2][-]{subsection.0.6.2}{\376\377\0006\000.\0002\000\040\175\040\145\160\166\204\122\044\133\232}{section.0.6}% 18
\BOOKMARK [1][-]{section.0.7}{\376\377\0007\000\040\173\227\147\057\127\372\147\054\133\232\164\006}{}% 19
\BOOKMARK [1][-]{section.0.8}{\376\377\0008\000\040\121\375\145\160\000[\000x\000]\116\016\000\173\000x\000\175\123\312\000n\000\040\000!\166\204\150\007\121\306\122\006\211\343\137\017}{}% 20
\BOOKMARK [1][-]{section.0.9}{\376\377\0009\000\040\124\014\117\131\166\204\127\372\147\054\140\047\215\050}{}% 21
\BOOKMARK [2][-]{subsection.0.9.1}{\376\377\0009\000.\0001\000\040\124\014\117\131\166\204\151\202\137\365}{section.0.9}% 22
\BOOKMARK [2][-]{subsection.0.9.2}{\376\377\0009\000.\0002\000\040\124\014\117\131\166\204\140\047\215\050}{section.0.9}% 23
\BOOKMARK [1][-]{section.0.10}{\376\377\0001\0000\000\040\116\214\121\103\116\000\153\041\116\015\133\232\145\271\172\013}{}% 24
